{"D:\\work\\GoIT\\github\\nodejs-hw02-express-rest-api\\controllers\\users\\index.js": {"path":"D:\\work\\GoIT\\github\\nodejs-hw02-express-rest-api\\controllers\\users\\index.js","statementMap":{"0":{"start":{"line":8,"column":21},"end":{"line":29,"column":1}},"1":{"start":{"line":9,"column":4},"end":{"line":27,"column":5}},"2":{"start":{"line":10,"column":26},"end":{"line":10,"column":34}},"3":{"start":{"line":11,"column":28},"end":{"line":11,"column":64}},"4":{"start":{"line":12,"column":8},"end":{"line":19,"column":9}},"5":{"start":{"line":13,"column":12},"end":{"line":18,"column":41}},"6":{"start":{"line":20,"column":21},"end":{"line":20,"column":55}},"7":{"start":{"line":21,"column":12},"end":{"line":23,"column":69}},"8":{"start":{"line":26,"column":8},"end":{"line":26,"column":19}},"9":{"start":{"line":31,"column":14},"end":{"line":45,"column":3}},"10":{"start":{"line":32,"column":32},"end":{"line":32,"column":40}},"11":{"start":{"line":33,"column":17},"end":{"line":33,"column":59}},"12":{"start":{"line":34,"column":4},"end":{"line":38,"column":5}},"13":{"start":{"line":35,"column":8},"end":{"line":37,"column":82}},"14":{"start":{"line":39,"column":18},"end":{"line":39,"column":44}},"15":{"start":{"line":40,"column":4},"end":{"line":40,"column":46}},"16":{"start":{"line":41,"column":27},"end":{"line":41,"column":31}},"17":{"start":{"line":42,"column":4},"end":{"line":44,"column":85}},"18":{"start":{"line":47,"column":17},"end":{"line":52,"column":3}},"19":{"start":{"line":48,"column":4},"end":{"line":48,"column":49}},"20":{"start":{"line":49,"column":4},"end":{"line":51,"column":92}},"21":{"start":{"line":54,"column":22},"end":{"line":59,"column":3}},"22":{"start":{"line":55,"column":38},"end":{"line":55,"column":46}},"23":{"start":{"line":56,"column":6},"end":{"line":58,"column":77}},"24":{"start":{"line":61,"column":23},"end":{"line":73,"column":1}},"25":{"start":{"line":62,"column":28},"end":{"line":66,"column":7}},"26":{"start":{"line":68,"column":24},"end":{"line":68,"column":58}},"27":{"start":{"line":70,"column":4},"end":{"line":72,"column":71}}},"fnMap":{"0":{"name":"(anonymous_0)","decl":{"start":{"line":8,"column":21},"end":{"line":8,"column":22}},"loc":{"start":{"line":8,"column":47},"end":{"line":29,"column":1}},"line":8},"1":{"name":"(anonymous_1)","decl":{"start":{"line":31,"column":14},"end":{"line":31,"column":15}},"loc":{"start":{"line":31,"column":40},"end":{"line":45,"column":3}},"line":31},"2":{"name":"(anonymous_2)","decl":{"start":{"line":47,"column":17},"end":{"line":47,"column":18}},"loc":{"start":{"line":47,"column":43},"end":{"line":52,"column":3}},"line":47},"3":{"name":"(anonymous_3)","decl":{"start":{"line":54,"column":22},"end":{"line":54,"column":23}},"loc":{"start":{"line":54,"column":48},"end":{"line":59,"column":3}},"line":54},"4":{"name":"(anonymous_4)","decl":{"start":{"line":61,"column":23},"end":{"line":61,"column":24}},"loc":{"start":{"line":61,"column":49},"end":{"line":73,"column":1}},"line":61}},"branchMap":{"0":{"loc":{"start":{"line":12,"column":8},"end":{"line":19,"column":9}},"type":"if","locations":[{"start":{"line":12,"column":8},"end":{"line":19,"column":9}},{"start":{},"end":{}}],"line":12},"1":{"loc":{"start":{"line":34,"column":4},"end":{"line":38,"column":5}},"type":"if","locations":[{"start":{"line":34,"column":4},"end":{"line":38,"column":5}},{"start":{},"end":{}}],"line":34}},"s":{"0":1,"1":3,"2":3,"3":3,"4":2,"5":1,"6":1,"7":1,"8":1,"9":1,"10":0,"11":0,"12":0,"13":0,"14":0,"15":0,"16":0,"17":0,"18":1,"19":0,"20":0,"21":1,"22":0,"23":0,"24":1,"25":0,"26":0,"27":0},"f":{"0":3,"1":0,"2":0,"3":0,"4":0},"b":{"0":[1,1],"1":[0,0]},"inputSourceMap":null,"_coverageSchema":"1a1c01bbd47fc00a2c39e90264f33305004495a9","hash":"3bf2ca860a1ea033c76d25e37a9e251ba350a547"}
,"D:\\work\\GoIT\\github\\nodejs-hw02-express-rest-api\\lib\\constans.js": {"path":"D:\\work\\GoIT\\github\\nodejs-hw02-express-rest-api\\lib\\constans.js","statementMap":{"0":{"start":{"line":1,"column":24},"end":{"line":13,"column":1}},"1":{"start":{"line":15,"column":23},"end":{"line":23,"column":1}}},"fnMap":{},"branchMap":{},"s":{"0":1,"1":1},"f":{},"b":{},"inputSourceMap":null,"_coverageSchema":"1a1c01bbd47fc00a2c39e90264f33305004495a9","hash":"a0a466ff206572679833ba3818acc3cb29ac8da1"}
,"D:\\work\\GoIT\\github\\nodejs-hw02-express-rest-api\\model\\user.js": {"path":"D:\\work\\GoIT\\github\\nodejs-hw02-express-rest-api\\model\\user.js","statementMap":{"0":{"start":{"line":5,"column":26},"end":{"line":5,"column":34}},"1":{"start":{"line":7,"column":19},"end":{"line":50,"column":1}},"2":{"start":{"line":17,"column":24},"end":{"line":17,"column":38}},"3":{"start":{"line":18,"column":12},"end":{"line":18,"column":63}},"4":{"start":{"line":37,"column":12},"end":{"line":37,"column":61}},"5":{"start":{"line":45,"column":12},"end":{"line":45,"column":26}},"6":{"start":{"line":46,"column":12},"end":{"line":46,"column":22}},"7":{"start":{"line":52,"column":0},"end":{"line":58,"column":2}},"8":{"start":{"line":53,"column":2},"end":{"line":56,"column":3}},"9":{"start":{"line":54,"column":17},"end":{"line":54,"column":42}},"10":{"start":{"line":55,"column":4},"end":{"line":55,"column":60}},"11":{"start":{"line":57,"column":2},"end":{"line":57,"column":8}},"12":{"start":{"line":60,"column":0},"end":{"line":62,"column":1}},"13":{"start":{"line":61,"column":2},"end":{"line":61,"column":56}},"14":{"start":{"line":64,"column":13},"end":{"line":64,"column":38}}},"fnMap":{"0":{"name":"(anonymous_0)","decl":{"start":{"line":16,"column":10},"end":{"line":16,"column":11}},"loc":{"start":{"line":16,"column":26},"end":{"line":19,"column":11}},"line":16},"1":{"name":"(anonymous_1)","decl":{"start":{"line":36,"column":19},"end":{"line":36,"column":20}},"loc":{"start":{"line":36,"column":31},"end":{"line":38,"column":11}},"line":36},"2":{"name":"(anonymous_2)","decl":{"start":{"line":44,"column":21},"end":{"line":44,"column":22}},"loc":{"start":{"line":44,"column":40},"end":{"line":47,"column":7}},"line":44},"3":{"name":"(anonymous_3)","decl":{"start":{"line":52,"column":23},"end":{"line":52,"column":24}},"loc":{"start":{"line":52,"column":44},"end":{"line":58,"column":1}},"line":52},"4":{"name":"(anonymous_4)","decl":{"start":{"line":60,"column":37},"end":{"line":60,"column":38}},"loc":{"start":{"line":60,"column":62},"end":{"line":62,"column":1}},"line":60}},"branchMap":{"0":{"loc":{"start":{"line":53,"column":2},"end":{"line":56,"column":3}},"type":"if","locations":[{"start":{"line":53,"column":2},"end":{"line":56,"column":3}},{"start":{},"end":{}}],"line":53}},"s":{"0":1,"1":1,"2":0,"3":0,"4":0,"5":0,"6":0,"7":1,"8":0,"9":0,"10":0,"11":0,"12":1,"13":0,"14":1},"f":{"0":0,"1":0,"2":0,"3":0,"4":0},"b":{"0":[0,0]},"inputSourceMap":null,"_coverageSchema":"1a1c01bbd47fc00a2c39e90264f33305004495a9","hash":"5fabcf092a33db515cd7f4d759e2094ae1ff9532"}
,"D:\\work\\GoIT\\github\\nodejs-hw02-express-rest-api\\repository\\users.js": {"path":"D:\\work\\GoIT\\github\\nodejs-hw02-express-rest-api\\repository\\users.js","statementMap":{"0":{"start":{"line":3,"column":17},"end":{"line":5,"column":1}},"1":{"start":{"line":4,"column":4},"end":{"line":4,"column":34}},"2":{"start":{"line":7,"column":20},"end":{"line":9,"column":1}},"3":{"start":{"line":8,"column":4},"end":{"line":8,"column":38}},"4":{"start":{"line":11,"column":15},"end":{"line":14,"column":1}},"5":{"start":{"line":12,"column":17},"end":{"line":12,"column":31}},"6":{"start":{"line":13,"column":4},"end":{"line":13,"column":28}},"7":{"start":{"line":16,"column":20},"end":{"line":18,"column":1}},"8":{"start":{"line":17,"column":4},"end":{"line":17,"column":51}},"9":{"start":{"line":20,"column":21},"end":{"line":22,"column":1}},"10":{"start":{"line":21,"column":4},"end":{"line":21,"column":52}}},"fnMap":{"0":{"name":"(anonymous_0)","decl":{"start":{"line":3,"column":17},"end":{"line":3,"column":18}},"loc":{"start":{"line":3,"column":31},"end":{"line":5,"column":1}},"line":3},"1":{"name":"(anonymous_1)","decl":{"start":{"line":7,"column":20},"end":{"line":7,"column":21}},"loc":{"start":{"line":7,"column":37},"end":{"line":9,"column":1}},"line":7},"2":{"name":"(anonymous_2)","decl":{"start":{"line":11,"column":15},"end":{"line":11,"column":16}},"loc":{"start":{"line":11,"column":31},"end":{"line":14,"column":1}},"line":11},"3":{"name":"(anonymous_3)","decl":{"start":{"line":16,"column":20},"end":{"line":16,"column":21}},"loc":{"start":{"line":16,"column":41},"end":{"line":18,"column":1}},"line":16},"4":{"name":"(anonymous_4)","decl":{"start":{"line":20,"column":21},"end":{"line":20,"column":22}},"loc":{"start":{"line":20,"column":43},"end":{"line":22,"column":1}},"line":20}},"branchMap":{},"s":{"0":1,"1":0,"2":1,"3":0,"4":1,"5":0,"6":0,"7":1,"8":0,"9":1,"10":0},"f":{"0":0,"1":0,"2":0,"3":0,"4":0},"b":{},"inputSourceMap":null,"_coverageSchema":"1a1c01bbd47fc00a2c39e90264f33305004495a9","hash":"d294c0911a2740cdd6dde30b862da7412b8ee934"}
,"D:\\work\\GoIT\\github\\nodejs-hw02-express-rest-api\\service\\file-storage\\index.js": {"path":"D:\\work\\GoIT\\github\\nodejs-hw02-express-rest-api\\service\\file-storage\\index.js","statementMap":{},"fnMap":{},"branchMap":{},"s":{},"f":{},"b":{},"inputSourceMap":null,"_coverageSchema":"1a1c01bbd47fc00a2c39e90264f33305004495a9","hash":"dfdbfbb7f6a0b1edcb8512e10f78840bba1291b2"}
,"D:\\work\\GoIT\\github\\nodejs-hw02-express-rest-api\\service\\file-storage\\local-storage.js": {"path":"D:\\work\\GoIT\\github\\nodejs-hw02-express-rest-api\\service\\file-storage\\local-storage.js","statementMap":{"0":{"start":{"line":7,"column":8},"end":{"line":7,"column":29}},"1":{"start":{"line":8,"column":8},"end":{"line":8,"column":35}},"2":{"start":{"line":9,"column":8},"end":{"line":9,"column":37}},"3":{"start":{"line":10,"column":8},"end":{"line":10,"column":33}},"4":{"start":{"line":11,"column":8},"end":{"line":11,"column":59}},"5":{"start":{"line":15,"column":28},"end":{"line":15,"column":73}},"6":{"start":{"line":16,"column":8},"end":{"line":16,"column":54}},"7":{"start":{"line":17,"column":8},"end":{"line":17,"column":77}},"8":{"start":{"line":18,"column":26},"end":{"line":18,"column":82}},"9":{"start":{"line":19,"column":8},"end":{"line":19,"column":56}},"10":{"start":{"line":20,"column":8},"end":{"line":20,"column":24}}},"fnMap":{"0":{"name":"(anonymous_0)","decl":{"start":{"line":6,"column":4},"end":{"line":6,"column":5}},"loc":{"start":{"line":6,"column":28},"end":{"line":12,"column":5}},"line":6},"1":{"name":"(anonymous_1)","decl":{"start":{"line":14,"column":4},"end":{"line":14,"column":5}},"loc":{"start":{"line":14,"column":16},"end":{"line":21,"column":5}},"line":14}},"branchMap":{},"s":{"0":0,"1":0,"2":0,"3":0,"4":0,"5":0,"6":0,"7":0,"8":0,"9":0,"10":0},"f":{"0":0,"1":0},"b":{},"inputSourceMap":null,"_coverageSchema":"1a1c01bbd47fc00a2c39e90264f33305004495a9","hash":"3c7299f694c62a45ff820150176d2f4ad9c1f5b9"}
,"D:\\work\\GoIT\\github\\nodejs-hw02-express-rest-api\\service\\file-storage\\storage.js": {"path":"D:\\work\\GoIT\\github\\nodejs-hw02-express-rest-api\\service\\file-storage\\storage.js","statementMap":{"0":{"start":{"line":5,"column":8},"end":{"line":5,"column":46}},"1":{"start":{"line":6,"column":8},"end":{"line":6,"column":33}},"2":{"start":{"line":10,"column":8},"end":{"line":10,"column":49}},"3":{"start":{"line":11,"column":30},"end":{"line":11,"column":55}},"4":{"start":{"line":12,"column":8},"end":{"line":12,"column":28}},"5":{"start":{"line":16,"column":20},"end":{"line":16,"column":45}},"6":{"start":{"line":17,"column":8},"end":{"line":22,"column":29}}},"fnMap":{"0":{"name":"(anonymous_0)","decl":{"start":{"line":4,"column":4},"end":{"line":4,"column":5}},"loc":{"start":{"line":4,"column":37},"end":{"line":7,"column":5}},"line":4},"1":{"name":"(anonymous_1)","decl":{"start":{"line":9,"column":4},"end":{"line":9,"column":5}},"loc":{"start":{"line":9,"column":25},"end":{"line":13,"column":5}},"line":9},"2":{"name":"(anonymous_2)","decl":{"start":{"line":15,"column":4},"end":{"line":15,"column":5}},"loc":{"start":{"line":15,"column":36},"end":{"line":23,"column":5}},"line":15}},"branchMap":{},"s":{"0":0,"1":0,"2":0,"3":0,"4":0,"5":0,"6":0},"f":{"0":0,"1":0,"2":0},"b":{},"inputSourceMap":null,"_coverageSchema":"1a1c01bbd47fc00a2c39e90264f33305004495a9","hash":"73079e014e31a8c454b0681addc3a805e79811aa"}
,"D:\\work\\GoIT\\github\\nodejs-hw02-express-rest-api\\service\\users\\index.js": {"path":"D:\\work\\GoIT\\github\\nodejs-hw02-express-rest-api\\service\\users\\index.js","statementMap":{"0":{"start":{"line":4,"column":19},"end":{"line":4,"column":45}},"1":{"start":{"line":8,"column":21},"end":{"line":8,"column":51}},"2":{"start":{"line":9,"column":8},"end":{"line":9,"column":21}},"3":{"start":{"line":13,"column":51},"end":{"line":13,"column":75}},"4":{"start":{"line":14,"column":8},"end":{"line":18,"column":9}},"5":{"start":{"line":22,"column":21},"end":{"line":22,"column":51}},"6":{"start":{"line":23,"column":32},"end":{"line":23,"column":69}},"7":{"start":{"line":24,"column":8},"end":{"line":26,"column":9}},"8":{"start":{"line":25,"column":12},"end":{"line":25,"column":23}},"9":{"start":{"line":27,"column":8},"end":{"line":27,"column":19}},"10":{"start":{"line":31,"column":28},"end":{"line":31,"column":32}},"11":{"start":{"line":32,"column":24},"end":{"line":32,"column":37}},"12":{"start":{"line":33,"column":22},"end":{"line":33,"column":71}},"13":{"start":{"line":34,"column":8},"end":{"line":34,"column":20}},"14":{"start":{"line":38,"column":8},"end":{"line":38,"column":42}}},"fnMap":{"0":{"name":"(anonymous_0)","decl":{"start":{"line":7,"column":4},"end":{"line":7,"column":5}},"loc":{"start":{"line":7,"column":29},"end":{"line":10,"column":5}},"line":7},"1":{"name":"(anonymous_1)","decl":{"start":{"line":12,"column":4},"end":{"line":12,"column":5}},"loc":{"start":{"line":12,"column":22},"end":{"line":19,"column":5}},"line":12},"2":{"name":"(anonymous_2)","decl":{"start":{"line":21,"column":4},"end":{"line":21,"column":5}},"loc":{"start":{"line":21,"column":35},"end":{"line":28,"column":5}},"line":21},"3":{"name":"(anonymous_3)","decl":{"start":{"line":30,"column":4},"end":{"line":30,"column":5}},"loc":{"start":{"line":30,"column":19},"end":{"line":35,"column":5}},"line":30},"4":{"name":"(anonymous_4)","decl":{"start":{"line":37,"column":4},"end":{"line":37,"column":5}},"loc":{"start":{"line":37,"column":31},"end":{"line":39,"column":5}},"line":37}},"branchMap":{"0":{"loc":{"start":{"line":24,"column":8},"end":{"line":26,"column":9}},"type":"if","locations":[{"start":{"line":24,"column":8},"end":{"line":26,"column":9}},{"start":{},"end":{}}],"line":24}},"s":{"0":1,"1":0,"2":0,"3":0,"4":0,"5":0,"6":0,"7":0,"8":0,"9":0,"10":0,"11":0,"12":0,"13":0,"14":0},"f":{"0":0,"1":0,"2":0,"3":0,"4":0},"b":{"0":[0,0]},"inputSourceMap":null,"_coverageSchema":"1a1c01bbd47fc00a2c39e90264f33305004495a9","hash":"c2c39dfcda6c135801aa59cfb6726008221ac3ca"}
}
